[02Nov2021 14:19:31.931] [Render thread/WARN] [net.minecraft.command.Commands/]: Ambiguity between arguments [teleport, destination] and [teleport, targets] with inputs: [Player, 0123, @e, dd12be42-52a9-4a91-a8a1-11c01849e498]
[02Nov2021 14:19:31.936] [Render thread/WARN] [net.minecraft.command.Commands/]: Ambiguity between arguments [teleport, location] and [teleport, destination] with inputs: [0.1 -0.5 .9, 0 0 0]
[02Nov2021 14:19:31.937] [Render thread/WARN] [net.minecraft.command.Commands/]: Ambiguity between arguments [teleport, location] and [teleport, targets] with inputs: [0.1 -0.5 .9, 0 0 0]
[02Nov2021 14:19:31.938] [Render thread/WARN] [net.minecraft.command.Commands/]: Ambiguity between arguments [teleport, targets] and [teleport, destination] with inputs: [Player, 0123, dd12be42-52a9-4a91-a8a1-11c01849e498]
[02Nov2021 14:19:31.939] [Render thread/WARN] [net.minecraft.command.Commands/]: Ambiguity between arguments [teleport, targets, location] and [teleport, targets, destination] with inputs: [0.1 -0.5 .9, 0 0 0]
[02Nov2021 14:19:31.939] [Render thread/INFO] [net.minecraft.resources.SimpleReloadableResourceManager/]: Reloading ResourceManager: Default, forge-1.16.5-36.2.0_mapped_snapshot_20201028-1.16.3-recomp.jar, main
[02Nov2021 14:19:32.716] [Render thread/INFO] [net.minecraft.item.crafting.RecipeManager/]: Loaded 7 recipes
[02Nov2021 14:19:33.257] [Render thread/ERROR] [net.minecraft.advancements.AdvancementManager/]: Parsing error loading custom advancement breadcats_mod:meettheengineer: Unknown item id 'minecraft:redstone_wire'
[02Nov2021 14:19:33.262] [Render thread/INFO] [net.minecraft.advancements.AdvancementList/]: Loaded 928 advancements
[02Nov2021 14:19:33.288] [Render thread/INFO] [net.minecraftforge.registries.GameData/REGISTRIES]: Injecting existing registry data into this CLIENT instance
[02Nov2021 14:19:33.671] [Render thread/WARN] [net.minecraft.command.Commands/]: Ambiguity between arguments [teleport, destination] and [teleport, targets] with inputs: [Player, 0123, @e, dd12be42-52a9-4a91-a8a1-11c01849e498]
[02Nov2021 14:19:33.672] [Render thread/WARN] [net.minecraft.command.Commands/]: Ambiguity between arguments [teleport, location] and [teleport, destination] with inputs: [0.1 -0.5 .9, 0 0 0]
[02Nov2021 14:19:33.672] [Render thread/WARN] [net.minecraft.command.Commands/]: Ambiguity between arguments [teleport, location] and [teleport, targets] with inputs: [0.1 -0.5 .9, 0 0 0]
[02Nov2021 14:19:33.673] [Render thread/WARN] [net.minecraft.command.Commands/]: Ambiguity between arguments [teleport, targets] and [teleport, destination] with inputs: [Player, 0123, dd12be42-52a9-4a91-a8a1-11c01849e498]
[02Nov2021 14:19:33.674] [Render thread/WARN] [net.minecraft.command.Commands/]: Ambiguity between arguments [teleport, targets, location] and [teleport, targets, destination] with inputs: [0.1 -0.5 .9, 0 0 0]
[02Nov2021 14:19:33.674] [Render thread/INFO] [net.minecraft.resources.SimpleReloadableResourceManager/]: Reloading ResourceManager: Default, forge-1.16.5-36.2.0_mapped_snapshot_20201028-1.16.3-recomp.jar, main
[02Nov2021 14:19:34.312] [Render thread/INFO] [net.minecraft.item.crafting.RecipeManager/]: Loaded 7 recipes
[02Nov2021 14:19:34.840] [Render thread/ERROR] [net.minecraft.advancements.AdvancementManager/]: Parsing error loading custom advancement breadcats_mod:meettheengineer: Unknown item id 'minecraft:redstone_wire'
[02Nov2021 14:19:34.846] [Render thread/INFO] [net.minecraft.advancements.AdvancementList/]: Loaded 928 advancements
[02Nov2021 14:19:34.869] [Render thread/INFO] [net.minecraftforge.registries.GameData/REGISTRIES]: Injecting existing registry data into this CLIENT instance
[02Nov2021 14:19:35.490] [Render thread/INFO] [com.mojang.authlib.yggdrasil.YggdrasilAuthenticationService/]: Environment: authHost='https://authserver.mojang.com', accountsHost='https://api.mojang.com', sessionHost='https://sessionserver.mojang.com', servicesHost='https://api.minecraftservices.com', name='PROD'
[02Nov2021 14:19:35.497] [Server thread/INFO] [net.minecraft.server.integrated.IntegratedServer/]: Starting integrated minecraft server version 1.16.5
[02Nov2021 14:19:35.497] [Server thread/INFO] [net.minecraft.server.MinecraftServer/]: Generating keypair
[02Nov2021 14:19:35.541] [Server thread/INFO] [net.minecraft.server.MinecraftServer/]: Preparing start region for dimension minecraft:overworld
[02Nov2021 14:19:35.858] [Render thread/INFO] [net.minecraft.world.chunk.listener.LoggingChunkStatusListener/]: Preparing spawn area: 0%
[02Nov2021 14:19:37.632] [Render thread/INFO] [net.minecraft.world.chunk.listener.LoggingChunkStatusListener/]: Preparing spawn area: 83%
[02Nov2021 14:19:37.632] [Render thread/INFO] [net.minecraft.world.chunk.listener.LoggingChunkStatusListener/]: Preparing spawn area: 83%
[02Nov2021 14:19:37.632] [Render thread/INFO] [net.minecraft.world.chunk.listener.LoggingChunkStatusListener/]: Preparing spawn area: 83%
[02Nov2021 14:19:37.632] [Render thread/INFO] [net.minecraft.world.chunk.listener.LoggingChunkStatusListener/]: Preparing spawn area: 83%
[02Nov2021 14:19:38.054] [Render thread/INFO] [net.minecraft.world.chunk.listener.LoggingChunkStatusListener/]: Preparing spawn area: 89%
[02Nov2021 14:19:38.435] [Render thread/INFO] [net.minecraft.world.chunk.listener.LoggingChunkStatusListener/]: Time elapsed: 2887 ms
[02Nov2021 14:19:38.453] [Server thread/INFO] [net.minecraft.server.integrated.IntegratedServer/]: Changing view distance to 4, from 10
[02Nov2021 14:19:38.681] [Netty Local Client IO #1/INFO] [net.minecraftforge.fml.network.NetworkHooks/]: Connected to a modded server.
[02Nov2021 14:19:38.696] [Server thread/INFO] [net.minecraftforge.common.AdvancementLoadFix/]: Using new advancement loading for net.minecraft.advancements.PlayerAdvancements@32acb27a
[02Nov2021 14:19:38.702] [Server thread/INFO] [net.minecraft.server.management.PlayerList/]: Dev[local:E:e84cde75] logged in with entity id 9122 at (73.74143686923146, 62.552665665562216, -39.69999998807907)
[02Nov2021 14:19:38.705] [Server thread/INFO] [net.minecraft.server.MinecraftServer/]: Dev joined the game
[02Nov2021 14:19:38.819] [Render thread/INFO] [net.minecraft.advancements.AdvancementList/]: Loaded 166 advancements
[02Nov2021 14:19:38.826] [Server thread/INFO] [net.minecraft.server.integrated.IntegratedServer/]: Saving and pausing game...
[02Nov2021 14:19:38.835] [Server thread/INFO] [net.minecraft.server.MinecraftServer/]: Saving chunks for level 'ServerLevel[S]'/minecraft:overworld
[02Nov2021 14:19:39.008] [Server thread/INFO] [net.minecraft.server.MinecraftServer/]: Saving chunks for level 'ServerLevel[S]'/minecraft:the_nether
[02Nov2021 14:19:39.009] [Server thread/INFO] [net.minecraft.server.MinecraftServer/]: Saving chunks for level 'ServerLevel[S]'/minecraft:the_end
[02Nov2021 14:19:59.145] [Server thread/INFO] [net.minecraft.server.MinecraftServer/]: [Dev: Set own game mode to Creative Mode]
[02Nov2021 14:19:59.146] [Render thread/INFO] [net.minecraft.client.gui.NewChatGui/]: [CHAT] Set own game mode to Creative Mode
[02Nov2021 14:20:31.808] [Server thread/INFO] [net.minecraft.server.MinecraftServer/]: [Dev: Gave 1 [Sss] to Dev]
[02Nov2021 14:20:31.808] [Render thread/INFO] [net.minecraft.client.gui.NewChatGui/]: [CHAT] Gave 1 [Sss] to Dev
[02Nov2021 14:22:39.126] [Server thread/INFO] [net.minecraft.server.integrated.IntegratedServer/]: Saving and pausing game...
[02Nov2021 14:22:39.135] [Server thread/INFO] [net.minecraft.server.MinecraftServer/]: Saving chunks for level 'ServerLevel[S]'/minecraft:overworld
[02Nov2021 14:22:39.216] [Server thread/INFO] [net.minecraft.server.MinecraftServer/]: Saving chunks for level 'ServerLevel[S]'/minecraft:the_nether
[02Nov2021 14:22:39.216] [Server thread/INFO] [net.minecraft.server.MinecraftServer/]: Saving chunks for level 'ServerLevel[S]'/minecraft:the_end
[02Nov2021 14:23:42.676] [Server thread/INFO] [net.minecraft.server.integrated.IntegratedServer/]: Saving and pausing game...
[02Nov2021 14:23:42.684] [Server thread/INFO] [net.minecraft.server.MinecraftServer/]: Saving chunks for level 'ServerLevel[S]'/minecraft:overworld
[02Nov2021 14:23:42.736] [Server thread/INFO] [net.minecraft.server.MinecraftServer/]: Saving chunks for level 'ServerLevel[S]'/minecraft:the_nether
[02Nov2021 14:23:42.736] [Server thread/INFO] [net.minecraft.server.MinecraftServer/]: Saving chunks for level 'ServerLevel[S]'/minecraft:the_end
[02Nov2021 14:23:43.432] [Server thread/INFO] [net.minecraft.network.play.ServerPlayNetHandler/]: Dev lost connection: Disconnected
[02Nov2021 14:23:43.433] [Server thread/INFO] [net.minecraft.server.MinecraftServer/]: Dev left the game
[02Nov2021 14:23:43.444] [Server thread/INFO] [net.minecraft.network.play.ServerPlayNetHandler/]: Stopping singleplayer server as player logged out
[02Nov2021 14:23:43.476] [Server thread/INFO] [net.minecraft.server.MinecraftServer/]: Stopping server
[02Nov2021 14:23:43.476] [Server thread/INFO] [net.minecraft.server.MinecraftServer/]: Saving players
[02Nov2021 14:23:43.476] [Server thread/INFO] [net.minecraft.server.MinecraftServer/]: Saving worlds
[02Nov2021 14:23:43.476] [Server thread/INFO] [net.minecraft.server.MinecraftServer/]: Saving chunks for level 'ServerLevel[S]'/minecraft:overworld
[02Nov2021 14:23:43.618] [Server thread/INFO] [net.minecraft.world.server.ChunkManager/]: ThreadedAnvilChunkStorage (S): All chunks are saved
[02Nov2021 14:23:43.618] [Server thread/INFO] [net.minecraft.server.MinecraftServer/]: Saving chunks for level 'ServerLevel[S]'/minecraft:the_nether
[02Nov2021 14:23:43.618] [Server thread/INFO] [net.minecraft.world.server.ChunkManager/]: ThreadedAnvilChunkStorage (DIM-1): All chunks are saved
[02Nov2021 14:23:43.619] [Server thread/INFO] [net.minecraft.server.MinecraftServer/]: Saving chunks for level 'ServerLevel[S]'/minecraft:the_end
[02Nov2021 14:23:43.619] [Server thread/INFO] [net.minecraft.world.server.ChunkManager/]: ThreadedAnvilChunkStorage (DIM1): All chunks are saved
[02Nov2021 14:23:43.635] [Server thread/INFO] [net.minecraft.world.server.ChunkManager/]: ThreadedAnvilChunkStorage (S): All chunks are saved
[02Nov2021 14:23:43.637] [Server thread/INFO] [net.minecraft.world.server.ChunkManager/]: ThreadedAnvilChunkStorage (DIM-1): All chunks are saved
[02Nov2021 14:23:43.637] [Server thread/INFO] [net.minecraft.world.server.ChunkManager/]: ThreadedAnvilChunkStorage (DIM1): All chunks are saved
[02Nov2021 14:23:47.176] [Render thread/INFO] [net.minecraft.client.Minecraft/]: Stopping!
